#
# There is insufficient memory for the Java Runtime Environment to continue.
# Native memory allocation (malloc) failed to allocate 1816576 bytes for Chunk::new
# Possible reasons:
#   The system is out of physical RAM or swap space
#   The process is running with CompressedOops enabled, and the Java Heap may be blocking the growth of the native heap
# Possible solutions:
#   Reduce memory load on the system
#   Increase physical memory or swap space
#   Check if swap backing store is full
#   Decrease Java heap size (-Xmx/-Xms)
#   Decrease number of Java threads
#   Decrease Java thread stack sizes (-Xss)
#   Set larger code cache with -XX:ReservedCodeCacheSize=
#   JVM is running with Unscaled Compressed Oops mode in which the Java heap is
#     placed in the first 4GB address space. The Java Heap base address is the
#     maximum limit for the native heap growth. Please use -XX:HeapBaseMinAddress
#     to set the Java Heap base and to place the Java Heap above 4GB virtual address.
# This output file may be truncated or incomplete.
#
#  Out of Memory Error (allocation.cpp:389), pid=13284, tid=0x00000000000022dc
#
# JRE version: OpenJDK Runtime Environment (8.0_242-b01) (build 1.8.0_242-release-1644-b01)
# Java VM: OpenJDK 64-Bit Server VM (25.242-b01 mixed mode windows-amd64 compressed oops)
# Failed to write core dump. Minidumps are not enabled by default on client versions of Windows
#

---------------  T H R E A D  ---------------

Current thread (0x0000000017a8d800):  JavaThread "C2 CompilerThread1" daemon [_thread_in_native, id=8924, stack(0x000000001a8a0000,0x000000001a9a0000)]

Stack: [0x000000001a8a0000,0x000000001a9a0000]
[error occurred during error reporting (printing stack bounds), id 0xc0000005]

Native frames: (J=compiled Java code, j=interpreted, Vv=VM code, C=native code)


Current CompileTask:
C2:   3051 2574       4       groovy.lang.MetaClassImpl$1MOPIter::methodNameAction (325 bytes)


---------------  P R O C E S S  ---------------

Java Threads: ( => current thread )
  0x000000001ca1a800 JavaThread "Cache worker for file content cache (C:\Users\kh\.gradle\caches\6.5\fileContent)" [_thread_blocked, id=8176, stack(0x00000000240f0000,0x00000000241f0000)]
  0x000000001ca16800 JavaThread "jar transforms" [_thread_blocked, id=11944, stack(0x0000000021860000,0x0000000021960000)]
  0x000000001ca19800 JavaThread "Cache worker for execution history cache (C:\Users\kh\.gradle\caches\6.5\executionHistory)" [_thread_blocked, id=604, stack(0x0000000021560000,0x0000000021660000)]
  0x000000001ca17800 JavaThread "Cache worker for cache directory md-rule (C:\Users\kh\.gradle\caches\6.5\md-rule)" [_thread_blocked, id=7404, stack(0x0000000021460000,0x0000000021560000)]
  0x000000001ca18000 JavaThread "Cache worker for cache directory md-supplier (C:\Users\kh\.gradle\caches\6.5\md-supplier)" [_thread_blocked, id=5380, stack(0x0000000021360000,0x0000000021460000)]
  0x000000001ca19000 JavaThread "Cache worker for checksums cache (E:\AndroidProjects\ShoppingOrder\.gradle\checksums)" [_thread_blocked, id=3604, stack(0x0000000021260000,0x0000000021360000)]
  0x000000001ca1c000 JavaThread "Cache worker for file hash cache (E:\AndroidProjects\ShoppingOrder\.gradle\6.5\fileHashes)" [_thread_blocked, id=4664, stack(0x0000000022980000,0x0000000022a80000)]
  0x000000001ca1d800 JavaThread "Cache worker for file hash cache (C:\Users\kh\.gradle\caches\6.5\fileHashes)" [_thread_blocked, id=11088, stack(0x000000001edc0000,0x000000001eec0000)]
  0x000000001ca1c800 JavaThread "File lock request listener" [_thread_in_native, id=3092, stack(0x000000001ecc0000,0x000000001edc0000)]
  0x000000001ae14800 JavaThread "Cache worker for journal cache (C:\Users\kh\.gradle\caches\journal-1)" [_thread_blocked, id=11572, stack(0x000000001ebc0000,0x000000001ecc0000)]
  0x000000001c996800 JavaThread "Thread-9" [_thread_blocked, id=3096, stack(0x000000001e8c0000,0x000000001e9c0000)]
  0x000000001c996000 JavaThread "Stdin handler" [_thread_blocked, id=15540, stack(0x000000001e7c0000,0x000000001e8c0000)]
  0x000000001c985000 JavaThread "Asynchronous log dispatcher for DefaultDaemonConnection: socket connection from /127.0.0.1:50585 to /127.0.0.1:50586" [_thread_blocked, id=10872, stack(0x000000001e6c0000,0x000000001e7c0000)]
  0x000000001c99b000 JavaThread "Daemon worker" [_thread_in_native, id=5904, stack(0x000000001e5c0000,0x000000001e6c0000)]
  0x000000001c999800 JavaThread "Cancel handler" [_thread_blocked, id=7324, stack(0x000000001e4c0000,0x000000001e5c0000)]
  0x000000001c938800 JavaThread "Handler for socket connection from /127.0.0.1:50585 to /127.0.0.1:50586" [_thread_in_native, id=6456, stack(0x000000001e3c0000,0x000000001e4c0000)]
  0x000000001c937800 JavaThread "Daemon" [_thread_blocked, id=15788, stack(0x000000001e2c0000,0x000000001e3c0000)]
  0x000000001c8cb000 JavaThread "Daemon periodic checks" [_thread_blocked, id=9284, stack(0x000000001dfc0000,0x000000001e0c0000)]
  0x000000001c8c9000 JavaThread "Incoming local TCP Connector on port 50585" [_thread_in_native, id=16040, stack(0x000000001dd80000,0x000000001de80000)]
  0x000000001c7e6000 JavaThread "Daemon health stats" [_thread_blocked, id=16484, stack(0x000000001d740000,0x000000001d840000)]
  0x00000000191a2000 JavaThread "Service Thread" daemon [_thread_blocked, id=5376, stack(0x000000001aba0000,0x000000001aca0000)]
  0x0000000019169800 JavaThread "C1 CompilerThread3" daemon [_thread_blocked, id=10200, stack(0x000000001aaa0000,0x000000001aba0000)]
  0x0000000019167800 JavaThread "C2 CompilerThread2" daemon [_thread_blocked, id=15544, stack(0x000000001a9a0000,0x000000001aaa0000)]
=>0x0000000017a8d800 JavaThread "C2 CompilerThread1" daemon [_thread_in_native, id=8924, stack(0x000000001a8a0000,0x000000001a9a0000)]
  0x000000001915c800 JavaThread "C2 CompilerThread0" daemon [_thread_blocked, id=7196, stack(0x000000001a7a0000,0x000000001a8a0000)]
  0x000000001915b000 JavaThread "Attach Listener" daemon [_thread_blocked, id=15564, stack(0x000000001a6a0000,0x000000001a7a0000)]
  0x000000001915a000 JavaThread "Signal Dispatcher" daemon [_thread_blocked, id=5820, stack(0x000000001a5a0000,0x000000001a6a0000)]
  0x0000000017a82800 JavaThread "Finalizer" daemon [_thread_blocked, id=2204, stack(0x000000001a3a0000,0x000000001a4a0000)]
  0x0000000019143000 JavaThread "Reference Handler" daemon [_thread_blocked, id=14068, stack(0x000000001a2a0000,0x000000001a3a0000)]
  0x00000000025fd800 JavaThread "main" [_thread_blocked, id=11496, stack(0x0000000002610000,0x0000000002710000)]

Other Threads:
  0x0000000017a75800 VMThread [stack: 0x000000001a1a0000,0x000000001a2a0000] [id=16656]
  0x00000000191a3000 WatcherThread [stack: 0x000000001aca0000,0x000000001ada0000] [id=4704]

VM state:not at safepoint (normal execution)

VM Mutex/Monitor currently owned by a thread: None

heap address: 0x0000000080000000, size: 2048 MB, Compressed Oops mode: 32-bit
Narrow klass base: 0x0000000000000000, Narrow klass shift: 3
Compressed class space size: 1073741824 Address: 0x0000000100000000

Heap:
 PSYoungGen      total 220672K, used 34510K [0x00000000d5580000, 0x00000000e3f00000, 0x0000000100000000)
  eden space 204800K, 16% used [0x00000000d5580000,0x00000000d7733b10,0x00000000e1d80000)
  from space 15872K, 0% used [0x00000000e2c80000,0x00000000e2c80000,0x00000000e3c00000)
  to   space 15360K, 0% used [0x00000000e1d80000,0x00000000e1d80000,0x00000000e2c80000)
 ParOldGen       total 98816K, used 14729K [0x0000000080000000, 0x0000000086080000, 0x00000000d5580000)
  object space 98816K, 14% used [0x0000000080000000,0x0000000080e62780,0x0000000086080000)
 Metaspace       used 35981K, capacity 37342K, committed 37544K, reserved 1081344K
  class space    used 4957K, capacity 5240K, committed 5296K, reserved 1048576K

Card table byte_map: [0x0000000011bd0000,0x0000000011fe0000] byte_map_base: 0x00000000117d0000

Marking Bits: (ParMarkBitMap*) 0x0000000074cdf030
 Begin Bits: [0x0000000012c90000, 0x0000000014c90000)
 End Bits:   [0x0000000014c90000, 0x0000000016c90000)

Polling page: 0x0000000000790000

CodeCache: size=245760Kb used=11490Kb max_used=11498Kb free=234269Kb
 bounds [0x0000000002810000, 0x0000000003360000, 0x0000000011810000]
 total_blobs=3924 nmethods=3224 adapters=612
 compilation: enabled

Compilation events (10 events):
Event: 3.045 Thread 0x0000000019169800 3225       3       com.google.common.collect.UnmodifiableIterator::<init> (5 bytes)
Event: 3.045 Thread 0x0000000019169800 nmethod 3225 0x000000000334ec10 code [0x000000000334ed60, 0x000000000334ef10]
Event: 3.045 Thread 0x0000000019169800 3226       3       org.gradle.internal.component.external.model.DefaultConfigurationMetadata::getOriginalArtifacts (5 bytes)
Event: 3.045 Thread 0x0000000019169800 nmethod 3226 0x000000000334efd0 code [0x000000000334f120, 0x000000000334f290]
Event: 3.045 Thread 0x000000001915c800 nmethod 3195 0x000000000334f310 code [0x000000000334f4a0, 0x000000000334fc68]
Event: 3.046 Thread 0x0000000019167800 nmethod 3207 0x0000000003350310 code [0x0000000003350460, 0x0000000003350708]
Event: 3.050 Thread 0x0000000019169800 3227       3       org.gradle.internal.dispatch.ReflectionDispatch::dispatch (9 bytes)
Event: 3.050 Thread 0x0000000019169800 nmethod 3227 0x000000000334c010 code [0x000000000334c180, 0x000000000334c408]
Event: 3.050 Thread 0x0000000019169800 3228   !   3       org.gradle.internal.dispatch.ReflectionDispatch::dispatch (42 bytes)
Event: 3.050 Thread 0x0000000019169800 nmethod 3228 0x000000000334b450 code [0x000000000334b620, 0x000000000334bc98]

GC Heap History (10 events):
Event: 1.786 GC heap before
{Heap before GC invocations=4 (full 0):
 PSYoungGen      total 75776K, used 21849K [0x00000000d5580000, 0x00000000de980000, 0x0000000100000000)
  eden space 65024K, 17% used [0x00000000d5580000,0x00000000d605b6a0,0x00000000d9500000)
  from space 10752K, 99% used [0x00000000d9500000,0x00000000d9f7af58,0x00000000d9f80000)
  to   space 10752K, 0% used [0x00000000ddf00000,0x00000000ddf00000,0x00000000de980000)
 ParOldGen       total 173568K, used 876K [0x0000000080000000, 0x000000008a980000, 0x00000000d5580000)
  object space 173568K, 0% used [0x0000000080000000,0x00000000800db130,0x000000008a980000)
 Metaspace       used 20561K, capacity 21208K, committed 21296K, reserved 1067008K
  class space    used 2873K, capacity 3076K, committed 3120K, reserved 1048576K
Event: 1.791 GC heap after
Heap after GC invocations=4 (full 0):
 PSYoungGen      total 140800K, used 7416K [0x00000000d5580000, 0x00000000de980000, 0x0000000100000000)
  eden space 130048K, 0% used [0x00000000d5580000,0x00000000d5580000,0x00000000dd480000)
  from space 10752K, 68% used [0x00000000ddf00000,0x00000000de63e070,0x00000000de980000)
  to   space 10752K, 0% used [0x00000000dd480000,0x00000000dd480000,0x00000000ddf00000)
 ParOldGen       total 173568K, used 884K [0x0000000080000000, 0x000000008a980000, 0x00000000d5580000)
  object space 173568K, 0% used [0x0000000080000000,0x00000000800dd130,0x000000008a980000)
 Metaspace       used 20561K, capacity 21208K, committed 21296K, reserved 1067008K
  class space    used 2873K, capacity 3076K, committed 3120K, reserved 1048576K
}
Event: 1.791 GC heap before
{Heap before GC invocations=5 (full 1):
 PSYoungGen      total 140800K, used 7416K [0x00000000d5580000, 0x00000000de980000, 0x0000000100000000)
  eden space 130048K, 0% used [0x00000000d5580000,0x00000000d5580000,0x00000000dd480000)
  from space 10752K, 68% used [0x00000000ddf00000,0x00000000de63e070,0x00000000de980000)
  to   space 10752K, 0% used [0x00000000dd480000,0x00000000dd480000,0x00000000ddf00000)
 ParOldGen       total 173568K, used 884K [0x0000000080000000, 0x000000008a980000, 0x00000000d5580000)
  object space 173568K, 0% used [0x0000000080000000,0x00000000800dd130,0x000000008a980000)
 Metaspace       used 20561K, capacity 21208K, committed 21296K, reserved 1067008K
  class space    used 2873K, capacity 3076K, committed 3120K, reserved 1048576K
Event: 1.822 GC heap after
Heap after GC invocations=5 (full 1):
 PSYoungGen      total 140800K, used 0K [0x00000000d5580000, 0x00000000de980000, 0x0000000100000000)
  eden space 130048K, 0% used [0x00000000d5580000,0x00000000d5580000,0x00000000dd480000)
  from space 10752K, 0% used [0x00000000ddf00000,0x00000000ddf00000,0x00000000de980000)
  to   space 10752K, 0% used [0x00000000dd480000,0x00000000dd480000,0x00000000ddf00000)
 ParOldGen       total 98816K, used 7120K [0x0000000080000000, 0x0000000086080000, 0x00000000d5580000)
  object space 98816K, 7% used [0x0000000080000000,0x00000000806f4200,0x0000000086080000)
 Metaspace       used 20561K, capacity 21208K, committed 21296K, reserved 1067008K
  class space    used 2873K, capacity 3076K, committed 3120K, reserved 1048576K
}
Event: 2.705 GC heap before
{Heap before GC invocations=6 (full 1):
 PSYoungGen      total 140800K, used 130048K [0x00000000d5580000, 0x00000000de980000, 0x0000000100000000)
  eden space 130048K, 100% used [0x00000000d5580000,0x00000000dd480000,0x00000000dd480000)
  from space 10752K, 0% used [0x00000000ddf00000,0x00000000ddf00000,0x00000000de980000)
  to   space 10752K, 0% used [0x00000000dd480000,0x00000000dd480000,0x00000000ddf00000)
 ParOldGen       total 98816K, used 7120K [0x0000000080000000, 0x0000000086080000, 0x00000000d5580000)
  object space 98816K, 7% used [0x0000000080000000,0x00000000806f4200,0x0000000086080000)
 Metaspace       used 32747K, capacity 33780K, committed 33968K, reserved 1079296K
  class space    used 4480K, capacity 4750K, committed 4784K, reserved 1048576K
Event: 2.713 GC heap after
Heap after GC invocations=6 (full 1):
 PSYoungGen      total 140800K, used 10737K [0x00000000d5580000, 0x00000000e3c00000, 0x0000000100000000)
  eden space 130048K, 0% used [0x00000000d5580000,0x00000000d5580000,0x00000000dd480000)
  from space 10752K, 99% used [0x00000000dd480000,0x00000000ddefc700,0x00000000ddf00000)
  to   space 15872K, 0% used [0x00000000e2c80000,0x00000000e2c80000,0x00000000e3c00000)
 ParOldGen       total 98816K, used 10584K [0x0000000080000000, 0x0000000086080000, 0x00000000d5580000)
  object space 98816K, 10% used [0x0000000080000000,0x0000000080a56118,0x0000000086080000)
 Metaspace       used 32747K, capacity 33780K, committed 33968K, reserved 1079296K
  class space    used 4480K, capacity 4750K, committed 4784K, reserved 1048576K
}
Event: 2.840 GC heap before
{Heap before GC invocations=7 (full 1):
 PSYoungGen      total 140800K, used 42594K [0x00000000d5580000, 0x00000000e3c00000, 0x0000000100000000)
  eden space 130048K, 24% used [0x00000000d5580000,0x00000000d749c418,0x00000000dd480000)
  from space 10752K, 99% used [0x00000000dd480000,0x00000000ddefc700,0x00000000ddf00000)
  to   space 15872K, 0% used [0x00000000e2c80000,0x00000000e2c80000,0x00000000e3c00000)
 ParOldGen       total 98816K, used 10584K [0x0000000080000000, 0x0000000086080000, 0x00000000d5580000)
  object space 98816K, 10% used [0x0000000080000000,0x0000000080a56118,0x0000000086080000)
 Metaspace       used 34345K, capacity 35404K, committed 35496K, reserved 1079296K
  class space    used 4733K, capacity 5003K, committed 5040K, reserved 1048576K
Event: 2.845 GC heap after
Heap after GC invocations=7 (full 1):
 PSYoungGen      total 220672K, used 8378K [0x00000000d5580000, 0x00000000e3f00000, 0x0000000100000000)
  eden space 204800K, 0% used [0x00000000d5580000,0x00000000d5580000,0x00000000e1d80000)
  from space 15872K, 52% used [0x00000000e2c80000,0x00000000e34ae908,0x00000000e3c00000)
  to   space 15360K, 0% used [0x00000000e1d80000,0x00000000e1d80000,0x00000000e2c80000)
 ParOldGen       total 98816K, used 10592K [0x0000000080000000, 0x0000000086080000, 0x00000000d5580000)
  object space 98816K, 10% used [0x0000000080000000,0x0000000080a58118,0x0000000086080000)
 Metaspace       used 34345K, capacity 35404K, committed 35496K, reserved 1079296K
  class space    used 4733K, capacity 5003K, committed 5040K, reserved 1048576K
}
Event: 2.845 GC heap before
{Heap before GC invocations=8 (full 2):
 PSYoungGen      total 220672K, used 8378K [0x00000000d5580000, 0x00000000e3f00000, 0x0000000100000000)
  eden space 204800K, 0% used [0x00000000d5580000,0x00000000d5580000,0x00000000e1d80000)
  from space 15872K, 52% used [0x00000000e2c80000,0x00000000e34ae908,0x00000000e3c00000)
  to   space 15360K, 0% used [0x00000000e1d80000,0x00000000e1d80000,0x00000000e2c80000)
 ParOldGen       total 98816K, used 10592K [0x0000000080000000, 0x0000000086080000, 0x00000000d5580000)
  object space 98816K, 10% used [0x0000000080000000,0x0000000080a58118,0x0000000086080000)
 Metaspace       used 34345K, capacity 35404K, committed 35496K, reserved 1079296K
  class space    used 4733K, capacity 5003K, committed 5040K, reserved 1048576K
Event: 2.872 GC heap after
Heap after GC invocations=8 (full 2):
 PSYoungGen      total 220672K, used 0K [0x00000000d5580000, 0x00000000e3f00000, 0x0000000100000000)
  eden space 204800K, 0% used [0x00000000d5580000,0x00000000d5580000,0x00000000e1d80000)
  from space 15872K, 0% used [0x00000000e2c80000,0x00000000e2c80000,0x00000000e3c00000)
  to   space 15360K, 0% used [0x00000000e1d80000,0x00000000e1d80000,0x00000000e2c80000)
 ParOldGen       total 98816K, used 14729K [0x0000000080000000, 0x0000000086080000, 0x00000000d5580000)
  object space 98816K, 14% used [0x0000000080000000,0x0000000080e62780,0x0000000086080000)
 Metaspace       used 34345K, capacity 35404K, committed 35496K, reserved 1079296K
  class space    used 4733K, capacity 5003K, committed 5040K, reserved 1048576K
}

Deoptimization events (10 events):
Event: 2.352 Thread 0x000000001c99b000 Uncommon trap: reason=unstable_if action=reinterpret pc=0x0000000002d0ff34 method=java.lang.ClassLoader.getClassLoadingLock(Ljava/lang/String;)Ljava/lang/Object; @ 6
Event: 2.539 Thread 0x000000001c99b000 Uncommon trap: reason=unstable_if action=reinterpret pc=0x0000000002db3744 method=java.util.HashMap.getNode(ILjava/lang/Object;)Ljava/util/HashMap$Node; @ 53
Event: 2.581 Thread 0x000000001c99b000 Uncommon trap: reason=unstable_if action=reinterpret pc=0x00000000031173c4 method=org.gradle.internal.reflect.PropertyAccessorType.isGetGetterName(Ljava/lang/String;)Z @ 14
Event: 2.594 Thread 0x000000001c99b000 Uncommon trap: reason=unstable_if action=reinterpret pc=0x0000000002efd8c0 method=org.objectweb.asm.ByteVector.putShort(I)Lorg/objectweb/asm/ByteVector; @ 13
Event: 2.637 Thread 0x000000001c99b000 Uncommon trap: reason=unstable_if action=reinterpret pc=0x0000000002e774fc method=java.net.URLClassLoader.defineClass(Ljava/lang/String;Lsun/misc/Resource;)Ljava/lang/Class; @ 21
Event: 2.671 Thread 0x000000001c99b000 Uncommon trap: reason=unstable_if action=reinterpret pc=0x00000000031bbd04 method=org.codehaus.groovy.runtime.metaclass.MetaMethodIndex.addMethodToList(Ljava/lang/Object;Lgroovy/lang/MetaMethod;)Ljava/lang/Object; @ 226
Event: 2.684 Thread 0x000000001c99b000 Uncommon trap: reason=unstable_if action=reinterpret pc=0x0000000002f73f94 method=java.util.WeakHashMap.put(Ljava/lang/Object;Ljava/lang/Object;)Ljava/lang/Object; @ 59
Event: 2.714 Thread 0x0000000019143000 Uncommon trap: reason=unstable_if action=reinterpret pc=0x0000000002e16e7c method=java.lang.ref.Reference.tryHandlePending(Z)Z @ 104
Event: 2.717 Thread 0x000000001c99b000 Uncommon trap: reason=range_check action=make_not_entrant pc=0x000000000319e694 method=java.lang.String.charAt(I)C @ 27
Event: 3.041 Thread 0x000000001c99b000 Uncommon trap: reason=unstable_if action=reinterpret pc=0x0000000002bd7c74 method=java.lang.String.lastIndexOf([CII[CIII)I @ 118

Classes redefined (0 events):
No events

Internal exceptions (10 events):
Event: 2.690 Thread 0x000000001c99b000 Exception <a 'java/lang/ClassNotFoundException': org/gradle/api/internal/artifacts/dsl/DefaultRepositoryHandler_DecoratedCustomizer> (0x00000000dd0ec218) thrown at [C:\src\AOSP-openjdk-git\hotspot\src\share\vm\classfile\systemDictionary.cpp, line 210]
Event: 2.763 Thread 0x000000001c99b000 Exception <a 'java/lang/ClassNotFoundException': org/gradle/api/internal/artifacts/dsl/dependencies/DefaultDependencyHandler_DecoratedBeanInfo> (0x00000000d6053a08) thrown at [C:\src\AOSP-openjdk-git\hotspot\src\share\vm\classfile\systemDictionary.cpp, li
Event: 2.763 Thread 0x000000001c99b000 Exception <a 'java/lang/ClassNotFoundException': org/gradle/api/internal/artifacts/dsl/dependencies/DefaultDependencyHandlerBeanInfo> (0x00000000d60ac348) thrown at [C:\src\AOSP-openjdk-git\hotspot\src\share\vm\classfile\systemDictionary.cpp, line 210]
Event: 2.764 Thread 0x000000001c99b000 Exception <a 'java/lang/ClassNotFoundException': org/gradle/api/internal/artifacts/dsl/dependencies/DefaultDependencyHandlerCustomizer> (0x00000000d6105f88) thrown at [C:\src\AOSP-openjdk-git\hotspot\src\share\vm\classfile\systemDictionary.cpp, line 210]
Event: 2.764 Thread 0x000000001c99b000 Exception <a 'java/lang/ClassNotFoundException': org/gradle/api/internal/artifacts/dsl/dependencies/DefaultDependencyHandler_DecoratedCustomizer> (0x00000000d6190c48) thrown at [C:\src\AOSP-openjdk-git\hotspot\src\share\vm\classfile\systemDictionary.cpp, 
Event: 2.796 Thread 0x000000001c99b000 Exception <a 'java/lang/NoSuchMethodError': java.lang.Object.lambda$static$0(Lorg/gradle/api/internal/artifacts/configurations/MutationValidator$MutationType;)V> (0x00000000d6800300) thrown at [C:\src\AOSP-openjdk-git\hotspot\src\share\vm\interpreter\link
Event: 2.877 Thread 0x000000001c99b000 Exception <a 'java/lang/NoSuchMethodError': java.lang.Object.lambda$static$0(Lorg/gradle/internal/component/model/DependencyMetadata;)Lorg/gradle/api/internal/artifacts/ivyservice/dependencysubstitution/DependencySubstitutionApplicator$SubstitutionResult;
Event: 2.898 Thread 0x000000001c99b000 Exception <a 'java/lang/IncompatibleClassChangeError': Found class java.lang.Object, but interface was expected> (0x00000000d5c0a610) thrown at [C:\src\AOSP-openjdk-git\hotspot\src\share\vm\interpreter\linkResolver.cpp, line 653]
Event: 2.899 Thread 0x000000001c99b000 Exception <a 'java/lang/NoSuchMethodError': java.lang.Object.lambda$thenComparing$36697e65$1(Ljava/util/Comparator;Ljava/lang/Object;Ljava/lang/Object;)I> (0x00000000d5c15f40) thrown at [C:\src\AOSP-openjdk-git\hotspot\src\share\vm\interpreter\linkResolve
Event: 2.947 Thread 0x000000001c99b000 Exception <a 'java/lang/NoSuchMethodError': java.lang.Object.lambda$static$0()Z> (0x00000000d66c3e68) thrown at [C:\src\AOSP-openjdk-git\hotspot\src\share\vm\interpreter\linkResolver.cpp, line 620]

Events (10 events):
Event: 3.049 loading class org/gradle/api/internal/artifacts/configurations/ResolveConfigurationDependenciesBuildOperationType$Result
Event: 3.049 loading class org/gradle/api/internal/artifacts/configurations/ResolveConfigurationDependenciesBuildOperationType$Result done
Event: 3.050 loading class org/gradle/api/internal/artifacts/configurations/ResolveConfigurationResolutionBuildOperationResult$LazyDesugaringAttributeContainer
Event: 3.050 loading class org/gradle/api/internal/artifacts/configurations/ResolveConfigurationResolutionBuildOperationResult$LazyDesugaringAttributeContainer done
Event: 3.050 loading class org/gradle/api/internal/artifacts/ivyservice/resolveengine/oldresult/TransientConfigurationResultsLoader
Event: 3.050 loading class org/gradle/api/internal/artifacts/ivyservice/resolveengine/oldresult/TransientConfigurationResultsLoader done
Event: 3.050 loading class org/gradle/api/internal/artifacts/ivyservice/DefaultLenientConfiguration
Event: 3.050 loading class org/gradle/api/internal/artifacts/ivyservice/DefaultLenientConfiguration done
Event: 3.051 loading class org/gradle/api/artifacts/LenientConfiguration
Event: 3.051 loading class org/gradle/api/artifacts/LenientConfiguration done


Dynamic libraries:
0x00007ff719990000 - 0x00007ff7199c1000 	C:\Program Files\Android\Android Studio\jre\bin\java.exe
0x00007ffc90450000 - 0x00007ffc90645000 	C:\WINDOWS\SYSTEM32\ntdll.dll
0x00007ffc902f0000 - 0x00007ffc903ad000 	C:\WINDOWS\System32\KERNEL32.DLL
0x00007ffc8dcc0000 - 0x00007ffc8df89000 	C:\WINDOWS\System32\KERNELBASE.dll
0x00007ffc8e920000 - 0x00007ffc8e9cc000 	C:\WINDOWS\System32\ADVAPI32.dll
0x00007ffc8e740000 - 0x00007ffc8e7de000 	C:\WINDOWS\System32\msvcrt.dll
0x00007ffc901e0000 - 0x00007ffc9027b000 	C:\WINDOWS\System32\sechost.dll
0x00007ffc8e7f0000 - 0x00007ffc8e91a000 	C:\WINDOWS\System32\RPCRT4.dll
0x00007ffc8fe70000 - 0x00007ffc90010000 	C:\WINDOWS\System32\USER32.dll
0x00007ffc8dbe0000 - 0x00007ffc8dc02000 	C:\WINDOWS\System32\win32u.dll
0x00007ffc8fdb0000 - 0x00007ffc8fdda000 	C:\WINDOWS\System32\GDI32.dll
0x00007ffc8df90000 - 0x00007ffc8e09b000 	C:\WINDOWS\System32\gdi32full.dll
0x00007ffc8e2c0000 - 0x00007ffc8e35d000 	C:\WINDOWS\System32\msvcp_win.dll
0x00007ffc8e0a0000 - 0x00007ffc8e1a0000 	C:\WINDOWS\System32\ucrtbase.dll
0x00007ffc77210000 - 0x00007ffc774aa000 	C:\WINDOWS\WinSxS\amd64_microsoft.windows.common-controls_6595b64144ccf1df_6.0.19041.1110_none_60b5254171f9507e\COMCTL32.dll
0x00007ffc90010000 - 0x00007ffc90040000 	C:\WINDOWS\System32\IMM32.DLL
0x0000000074fd0000 - 0x00000000750a2000 	C:\Program Files\Android\Android Studio\jre\jre\bin\msvcr100.dll
0x0000000074510000 - 0x0000000074d5b000 	C:\Program Files\Android\Android Studio\jre\jre\bin\server\jvm.dll
0x00007ffc8e7e0000 - 0x00007ffc8e7e8000 	C:\WINDOWS\System32\PSAPI.DLL
0x00007ffc73a40000 - 0x00007ffc73a49000 	C:\WINDOWS\SYSTEM32\WSOCK32.dll
0x00007ffc72b90000 - 0x00007ffc72bb7000 	C:\WINDOWS\SYSTEM32\WINMM.dll
0x00007ffc843b0000 - 0x00007ffc843ba000 	C:\WINDOWS\SYSTEM32\VERSION.dll
0x00007ffc90280000 - 0x00007ffc902eb000 	C:\WINDOWS\System32\WS2_32.dll
0x00007ffc861d0000 - 0x00007ffc861df000 	C:\Program Files\Android\Android Studio\jre\jre\bin\verify.dll
0x00007ffc850c0000 - 0x00007ffc850e9000 	C:\Program Files\Android\Android Studio\jre\jre\bin\java.dll
0x00007ffc85620000 - 0x00007ffc85636000 	C:\Program Files\Android\Android Studio\jre\jre\bin\zip.dll
0x00007ffc8f070000 - 0x00007ffc8f7af000 	C:\WINDOWS\System32\SHELL32.dll
0x00007ffc8b910000 - 0x00007ffc8c0a1000 	C:\WINDOWS\SYSTEM32\windows.storage.dll
0x00007ffc8e9d0000 - 0x00007ffc8ed25000 	C:\WINDOWS\System32\combase.dll
0x00007ffc8d600000 - 0x00007ffc8d62c000 	C:\WINDOWS\SYSTEM32\Wldp.dll
0x00007ffc90040000 - 0x00007ffc900ee000 	C:\WINDOWS\System32\SHCORE.dll
0x00007ffc903b0000 - 0x00007ffc90405000 	C:\WINDOWS\System32\shlwapi.dll
0x00007ffc8dad0000 - 0x00007ffc8daef000 	C:\WINDOWS\SYSTEM32\profapi.dll
0x00007ffc84860000 - 0x00007ffc8487a000 	C:\Program Files\Android\Android Studio\jre\jre\bin\net.dll
0x00007ffc8d360000 - 0x00007ffc8d3ca000 	C:\WINDOWS\system32\mswsock.dll
0x00007ffc83a70000 - 0x00007ffc83a83000 	C:\Program Files\Android\Android Studio\jre\jre\bin\nio.dll
0x00007ffc82f10000 - 0x00007ffc82f37000 	C:\Users\kh\.gradle\native\f6784746aeab05261644944871eae4fe03e0ef1612fff0a4a95f87b438bc6780\windows-amd64\native-platform.dll
0x00007ffc85890000 - 0x00007ffc8589d000 	C:\Program Files\Android\Android Studio\jre\jre\bin\management.dll
0x00007ffc8d540000 - 0x00007ffc8d558000 	C:\WINDOWS\SYSTEM32\CRYPTSP.dll
0x00007ffc8cc90000 - 0x00007ffc8ccc4000 	C:\WINDOWS\system32\rsaenh.dll
0x00007ffc8e1a0000 - 0x00007ffc8e1c7000 	C:\WINDOWS\System32\bcrypt.dll
0x00007ffc8da90000 - 0x00007ffc8dabe000 	C:\WINDOWS\SYSTEM32\USERENV.dll
0x00007ffc8e1d0000 - 0x00007ffc8e253000 	C:\WINDOWS\System32\bcryptprimitives.dll
0x00007ffc8d560000 - 0x00007ffc8d56c000 	C:\WINDOWS\SYSTEM32\CRYPTBASE.dll
0x00007ffc8d000000 - 0x00007ffc8d03b000 	C:\WINDOWS\SYSTEM32\IPHLPAPI.DLL
0x00007ffc8e660000 - 0x00007ffc8e668000 	C:\WINDOWS\System32\NSI.dll
0x00007ffc82770000 - 0x00007ffc82787000 	C:\WINDOWS\SYSTEM32\dhcpcsvc6.DLL
0x00007ffc82da0000 - 0x00007ffc82dbd000 	C:\WINDOWS\SYSTEM32\dhcpcsvc.DLL
0x00007ffc8d040000 - 0x00007ffc8d10c000 	C:\WINDOWS\SYSTEM32\DNSAPI.dll
0x00007ffc85e00000 - 0x00007ffc85e0b000 	C:\WINDOWS\SYSTEM32\WINNSI.DLL

VM Arguments:
jvm_args: -Xmx2048m -Dfile.encoding=UTF-8 -Duser.country=US -Duser.language=en -Duser.variant 
java_command: org.gradle.launcher.daemon.bootstrap.GradleDaemon 6.5
java_class_path (initial): C:\Users\kh\.gradle\wrapper\dists\gradle-6.5-bin\6nifqtx7604sqp1q6g8wikw7p\gradle-6.5\lib\gradle-launcher-6.5.jar
Launcher Type: SUN_STANDARD

Environment Variables:
PATH=C:\Program Files (x86)\Common Files\Oracle\Java\javapath;C:\ProgramData\Oracle\Java\javapath;C:\Program Files (x86)\Common Files\Intel\Shared Libraries\redist\intel64\compiler;C:\Windows\system32;C:\Windows;C:\Windows\System32\Wbem;C:\Windows\System32\WindowsPowerShell\v1.0\;C:\Windows\System32\OpenSSH\;C:\Program Files (x86)\NVIDIA Corporation\PhysX\Common;E:\AndroidProjects\Animation Projects\bin;C:\Program Files\Git\cmd;C:\WINDOWS\system32;C:\WINDOWS;C:\WINDOWS\System32\Wbem;C:\WINDOWS\System32\WindowsPowerShell\v1.0\;C:\WINDOWS\System32\OpenSSH\;C:\Users\kh\AppData\Local\Microsoft\WindowsApps;E:\Proteus\SDCC\bin;E:\Logic\win32;C:\modeltech_6.5\win32;%USERPROFILE%\AppData\Local\Microsoft\WindowsApps;
USERNAME=kh
OS=Windows_NT
PROCESSOR_IDENTIFIER=Intel64 Family 6 Model 158 Stepping 10, GenuineIntel



---------------  S Y S T E M  ---------------

OS: Windows 10.0 , 64 bit Build 19041 (10.0.19041.1023)

CPU:total 12 (initial active 12) (6 cores per cpu, 2 threads per core) family 6 model 158 stepping 10, cmov, cx8, fxsr, mmx, sse, sse2, sse3, ssse3, sse4.1, sse4.2, popcnt, avx, avx2, aes, clmul, erms, 3dnowpref, lzcnt, ht, tsc, tscinvbit, bmi1, bmi2, adx

Memory: 4k page, physical 16600544k(4322048k free), swap 16600544k(7572k free)

vm_info: OpenJDK 64-Bit Server VM (25.242-b01) for windows-amd64 JRE (1.8.0_242-release-1644-b01), built by "builder" with MS VC++ 10.0 (VS2010)

time: Tue Aug 03 15:01:39 2021
timezone: Egypt Standard Time
elapsed time: 3 seconds (0d 0h 0m 3s)

